c:\users\copya\onedrive\desktop\projects\github omegapy\mybuttonclasses\build\obj\x64\debug\mybuttonclasses\vc143.pdb
c:\users\copya\onedrive\desktop\projects\github omegapy\mybuttonclasses\build\obj\x64\debug\mybuttonclasses\vc143.idb
c:\users\copya\onedrive\desktop\projects\github omegapy\mybuttonclasses\build\obj\x64\debug\mybuttonclasses\main.obj
c:\users\copya\onedrive\desktop\projects\github omegapy\mybuttonclasses\build\obj\x64\debug\mybuttonclasses\buttonr.obj
c:\users\copya\onedrive\desktop\projects\github omegapy\mybuttonclasses\build\obj\x64\debug\mybuttonclasses\buttono.obj
c:\users\copya\onedrive\desktop\projects\github omegapy\mybuttonclasses\build\obj\x64\debug\mybuttonclasses\button.obj
c:\users\copya\onedrive\desktop\projects\github omegapy\mybuttonclasses\build\obj\x64\debug\mybuttonclasses\buttons.obj
c:\users\copya\onedrive\desktop\projects\github omegapy\mybuttonclasses\build\obj\x64\debug\mybuttonclasses\mybuttonclasses.tlog\cl.command.1.tlog
c:\users\copya\onedrive\desktop\projects\github omegapy\mybuttonclasses\build\obj\x64\debug\mybuttonclasses\mybuttonclasses.tlog\cl.read.1.tlog
c:\users\copya\onedrive\desktop\projects\github omegapy\mybuttonclasses\build\obj\x64\debug\mybuttonclasses\mybuttonclasses.tlog\cl.write.1.tlog
c:\users\copya\onedrive\desktop\projects\github omegapy\mybuttonclasses\build\obj\x64\debug\mybuttonclasses\mybuttonclasses.tlog\link-cvtres.read.1.tlog
c:\users\copya\onedrive\desktop\projects\github omegapy\mybuttonclasses\build\obj\x64\debug\mybuttonclasses\mybuttonclasses.tlog\link-cvtres.write.1.tlog
c:\users\copya\onedrive\desktop\projects\github omegapy\mybuttonclasses\build\obj\x64\debug\mybuttonclasses\mybuttonclasses.tlog\link-rc.read.1.tlog
c:\users\copya\onedrive\desktop\projects\github omegapy\mybuttonclasses\build\obj\x64\debug\mybuttonclasses\mybuttonclasses.tlog\link-rc.write.1.tlog
c:\users\copya\onedrive\desktop\projects\github omegapy\mybuttonclasses\build\obj\x64\debug\mybuttonclasses\mybuttonclasses.tlog\link.28348-cvtres.read.1.tlog
c:\users\copya\onedrive\desktop\projects\github omegapy\mybuttonclasses\build\obj\x64\debug\mybuttonclasses\mybuttonclasses.tlog\link.28348-cvtres.write.1.tlog
c:\users\copya\onedrive\desktop\projects\github omegapy\mybuttonclasses\build\obj\x64\debug\mybuttonclasses\mybuttonclasses.tlog\link.28348-rc.read.1.tlog
c:\users\copya\onedrive\desktop\projects\github omegapy\mybuttonclasses\build\obj\x64\debug\mybuttonclasses\mybuttonclasses.tlog\link.28348-rc.write.1.tlog
c:\users\copya\onedrive\desktop\projects\github omegapy\mybuttonclasses\build\obj\x64\debug\mybuttonclasses\mybuttonclasses.tlog\link.28348.read.1.tlog
c:\users\copya\onedrive\desktop\projects\github omegapy\mybuttonclasses\build\obj\x64\debug\mybuttonclasses\mybuttonclasses.tlog\link.28348.read.2.tlog
c:\users\copya\onedrive\desktop\projects\github omegapy\mybuttonclasses\build\obj\x64\debug\mybuttonclasses\mybuttonclasses.tlog\link.28348.write.1.tlog
c:\users\copya\onedrive\desktop\projects\github omegapy\mybuttonclasses\build\obj\x64\debug\mybuttonclasses\mybuttonclasses.tlog\link.command.1.tlog
c:\users\copya\onedrive\desktop\projects\github omegapy\mybuttonclasses\build\obj\x64\debug\mybuttonclasses\mybuttonclasses.tlog\link.read.1.tlog
c:\users\copya\onedrive\desktop\projects\github omegapy\mybuttonclasses\build\obj\x64\debug\mybuttonclasses\mybuttonclasses.tlog\link.read.2.tlog
c:\users\copya\onedrive\desktop\projects\github omegapy\mybuttonclasses\build\obj\x64\debug\mybuttonclasses\mybuttonclasses.tlog\link.write.1.tlog
